<?xml version="1.0" encoding="UTF-8" ?>
<testsuite tests="8" failures="4" name="com.tgs.tgh.cucumber.CucumberRunnerTest" time="0.01" errors="0" skipped="2">
  <properties>
[...]
</properties>
  <testcase classname="Scenario: Al acceder a la aplicacion se muestra la pagina principal" name="Given Se abre el navegador" time="0.003"/>
  <testcase classname="Scenario: Al acceder a la aplicacion se muestra la pagina principal" name="When Se introduce la direccion web" time="0"/>
  <testcase classname="Scenario: Al acceder a la aplicacion se muestra la pagina principal" name="Then Se muestra la pagina principal" time="0.002">
    <failure message="expected:&lt;[The Good Health]&gt; but was:&lt;[localhost]&gt;" type="org.junit.ComparisonFailure">org.junit.ComparisonFailure: expected:&lt;[The Good Health]&gt; but was:&lt;[localhost]&gt;
	at org.junit.Assert.assertEquals(Assert.java:115)
	at org.junit.Assert.assertEquals(Assert.java:144)
	at com.tgs.tgh.stepDefinition.AccesoSteps.se_muestra_la_pagina_principal(AccesoSteps.java:36)
	at ✽.Then Se muestra la pagina principal(AccesoTest.feature:8)
</failure>
  </testcase>
  <testcase classname="Scenario: Al acceder a la aplicacion se muestra la pagina principal" name="Scenario: Al acceder a la aplicacion se muestra la pagina principal" time="0.003">
    <failure message="expected:&lt;[The Good Health]&gt; but was:&lt;[localhost]&gt;" type="org.junit.ComparisonFailure">org.junit.ComparisonFailure: expected:&lt;[The Good Health]&gt; but was:&lt;[localhost]&gt;
	at org.junit.Assert.assertEquals(Assert.java:115)
	at org.junit.Assert.assertEquals(Assert.java:144)
	at com.tgs.tgh.stepDefinition.AccesoSteps.se_muestra_la_pagina_principal(AccesoSteps.java:36)
	at ✽.Then Se muestra la pagina principal(AccesoTest.feature:8)
</failure>
  </testcase>
  <testcase classname="Scenario: Al introducir cualquier credencial en el login se muestra la pagina de citas" name="Given Estamos en la pagina principal" time="0">
    <failure message="expected:&lt;[The Good Health]&gt; but was:&lt;[localhost]&gt;" type="org.junit.ComparisonFailure">org.junit.ComparisonFailure: expected:&lt;[The Good Health]&gt; but was:&lt;[localhost]&gt;
	at org.junit.Assert.assertEquals(Assert.java:115)
	at org.junit.Assert.assertEquals(Assert.java:144)
	at com.tgs.tgh.stepDefinition.AccesoSteps.estamos_en_la_pagina_principal(AccesoSteps.java:46)
	at ✽.Given Estamos en la pagina principal(AccesoTest.feature:12)
</failure>
    <system-err>oct 22, 2019 7:01:16 PM org.openqa.selenium.remote.ProtocolHandshake createSession
INFORMACI�N: Detected dialect: OSS
</system-err>
  </testcase>
  <testcase classname="Scenario: Al introducir cualquier credencial en el login se muestra la pagina de citas" name="Scenario: Al introducir cualquier credencial en el login se muestra la pagina de citas" time="0">
    <failure message="expected:&lt;[The Good Health]&gt; but was:&lt;[localhost]&gt;" type="org.junit.ComparisonFailure">org.junit.ComparisonFailure: expected:&lt;[The Good Health]&gt; but was:&lt;[localhost]&gt;
	at org.junit.Assert.assertEquals(Assert.java:115)
	at org.junit.Assert.assertEquals(Assert.java:144)
	at com.tgs.tgh.stepDefinition.AccesoSteps.estamos_en_la_pagina_principal(AccesoSteps.java:46)
	at ✽.Given Estamos en la pagina principal(AccesoTest.feature:12)
</failure>
  </testcase>
  <testcase classname="Scenario: Al introducir cualquier credencial en el login se muestra la pagina de citas" name="When Se introduce cualquier credencial" time="0.001">
    <skipped/>
  </testcase>
  <testcase classname="Scenario: Al introducir cualquier credencial en el login se muestra la pagina de citas" name="Then Se muestra la pagina citas" time="0.001">
    <skipped/>
  </testcase>
</testsuite>