<?xml version="1.0" encoding="UTF-8"?>
<testsuite xmlns:xsi="http://www.w3.org/2001/XMLSchema-instance" xsi:noNamespaceSchemaLocation="https://maven.apache.org/surefire/maven-surefire-plugin/xsd/surefire-test-report.xsd" name="com.tgs.tgh.cucumber.CucumberRunnerTest" time="31.822" tests="4" errors="0" skipped="0" failures="2">
  <properties>
[...]
</properties>
  <testcase name="Given Se abre el navegador" classname="Scenario: Al acceder a la aplicacion se muestra la pagina principal" time="0.002"/>
  <testcase name="When Se introduce la direccion web" classname="Scenario: Al acceder a la aplicacion se muestra la pagina principal" time="0"/>
  <testcase name="Then Se muestra la pagina principal" classname="Scenario: Al acceder a la aplicacion se muestra la pagina principal" time="0.009">
    <failure message="expected:&lt;[The Good Health]&gt; but was:&lt;[localhost]&gt;" type="org.junit.ComparisonFailure"><![CDATA[org.junit.ComparisonFailure: expected:<[The Good Health]> but was:<[localhost]>
]]></failure>
  </testcase>
  <testcase name="Scenario: Al acceder a la aplicacion se muestra la pagina principal" classname="Scenario: Al acceder a la aplicacion se muestra la pagina principal" time="0.009">
    <failure message="expected:&lt;[The Good Health]&gt; but was:&lt;[localhost]&gt;" type="org.junit.ComparisonFailure"><![CDATA[org.junit.ComparisonFailure: expected:<[The Good Health]> but was:<[localhost]>
]]></failure>
  </testcase>
</testsuite>