<?xml version="1.0" encoding="UTF-8" ?>
<testsuite tests="4" failures="0" name="com.tgs.tgh.cucumber.CucumberRunnerTest" time="0.049" errors="2" skipped="2">
  <properties>
[...]
</properties>
  <testcase classname="Scenario: Al acceder a la aplicacion se muestra la pagina principal" name="Given Se abre el navegador" time="0.009">
    <error message="The driver executable does not exist: C:\usr\local\share\chromedriver" type="java.lang.IllegalStateException">java.lang.IllegalStateException: The driver executable does not exist: C:\usr\local\share\chromedriver
	at com.google.common.base.Preconditions.checkState(Preconditions.java:585)
	at org.openqa.selenium.remote.service.DriverService.checkExecutable(DriverService.java:146)
	at org.openqa.selenium.remote.service.DriverService.findExecutable(DriverService.java:141)
	at org.openqa.selenium.chrome.ChromeDriverService.access$000(ChromeDriverService.java:35)
	at org.openqa.selenium.chrome.ChromeDriverService$Builder.findDefaultExecutable(ChromeDriverService.java:159)
	at org.openqa.selenium.remote.service.DriverService$Builder.build(DriverService.java:355)
	at org.openqa.selenium.chrome.ChromeDriverService.createDefaultService(ChromeDriverService.java:94)
	at org.openqa.selenium.chrome.ChromeDriver.&lt;init&gt;(ChromeDriver.java:157)
	at com.tgs.tgh.stepDefinition.WebDriver.webDriver(WebDriver.java:17)
	at com.tgs.tgh.stepDefinition.AccesoSteps.se_abre_el_navegador(AccesoSteps.java:22)
	at ✽.Given Se abre el navegador(AccesoTest.feature:6)
</error>
  </testcase>
  <testcase classname="Scenario: Al acceder a la aplicacion se muestra la pagina principal" name="Scenario: Al acceder a la aplicacion se muestra la pagina principal" time="0.012">
    <error message="The driver executable does not exist: C:\usr\local\share\chromedriver" type="java.lang.IllegalStateException">java.lang.IllegalStateException: The driver executable does not exist: C:\usr\local\share\chromedriver
	at com.google.common.base.Preconditions.checkState(Preconditions.java:585)
	at org.openqa.selenium.remote.service.DriverService.checkExecutable(DriverService.java:146)
	at org.openqa.selenium.remote.service.DriverService.findExecutable(DriverService.java:141)
	at org.openqa.selenium.chrome.ChromeDriverService.access$000(ChromeDriverService.java:35)
	at org.openqa.selenium.chrome.ChromeDriverService$Builder.findDefaultExecutable(ChromeDriverService.java:159)
	at org.openqa.selenium.remote.service.DriverService$Builder.build(DriverService.java:355)
	at org.openqa.selenium.chrome.ChromeDriverService.createDefaultService(ChromeDriverService.java:94)
	at org.openqa.selenium.chrome.ChromeDriver.&lt;init&gt;(ChromeDriver.java:157)
	at com.tgs.tgh.stepDefinition.WebDriver.webDriver(WebDriver.java:17)
	at com.tgs.tgh.stepDefinition.AccesoSteps.se_abre_el_navegador(AccesoSteps.java:22)
	at ✽.Given Se abre el navegador(AccesoTest.feature:6)
</error>
  </testcase>
  <testcase classname="Scenario: Al acceder a la aplicacion se muestra la pagina principal" name="When Se introduce la direccion web" time="0.013">
    <skipped/>
  </testcase>
  <testcase classname="Scenario: Al acceder a la aplicacion se muestra la pagina principal" name="Then Se muestra la pagina principal" time="0.015">
    <skipped/>
  </testcase>
</testsuite>